# JRE version: OpenJDK Runtime Environment (23.0.1+11) (build 23.0.1+11-39)
# Java VM: OpenJDK 64-Bit Server VM (23.0.1+11-39, mixed mode, sharing, tiered, compressed oops, compressed class ptrs, g1 gc, windows-amd64)
GC Precious Log:
 CardTable entry size: 512
 Card Set container configuration: InlinePtr #cards 5 size 8 Array Of Cards #cards 10 size 36 Howl #buckets 4 coarsen threshold 1843 Howl Bitmap #cards 512 size 80 coarsen threshold 460 Card regions per heap region 1 cards per card region 2048
 CPUs: 2 total, 2 available
 Memory: 7645M
 Large Page Support: Disabled
 NUMA Support: Disabled
 Compressed Oops: Enabled (32-bit)
 Heap Region Size: 1M
 Heap Min Capacity: 8M
 Heap Initial Capacity: 120M
 Heap Max Capacity: 1912M
 Pre-touch: Disabled
 Parallel Workers: 2
 Concurrent Workers: 1
 Concurrent Refinement Workers: 2
 Periodic GC: Disabled
Heap:
 garbage-first heap   total reserved 1957888K, committed 61440K, used 28585K [0x0000000088800000, 0x0000000100000000)
  region size 1024K, 13 young (13312K), 3 survivors (3072K)
 Metaspace       used 22920K, committed 23360K, reserved 1114112K
  class space    used 3247K, committed 3392K, reserved 1048576K
GC Heap History (14 events):
Event: 0.780 GC heap before
{Heap before GC invocations=0 (full 0):
 garbage-first heap   total reserved 1957888K, committed 122880K, used 6144K [0x0000000088800000, 0x0000000100000000)
  region size 1024K, 7 young (7168K), 0 survivors (0K)
 Metaspace       used 589K, committed 768K, reserved 1114112K
  class space    used 36K, committed 128K, reserved 1048576K
}
Event: 0.792 GC heap after
{Heap after GC invocations=1 (full 0):
 garbage-first heap   total reserved 1957888K, committed 122880K, used 1024K [0x0000000088800000, 0x0000000100000000)
  region size 1024K, 1 young (1024K), 1 survivors (1024K)
 Metaspace       used 589K, committed 768K, reserved 1114112K
  class space    used 36K, committed 128K, reserved 1048576K
}
Event: 1.585 GC heap before
{Heap before GC invocations=1 (full 0):
 garbage-first heap   total reserved 1957888K, committed 122880K, used 9216K [0x0000000088800000, 0x0000000100000000)
  region size 1024K, 8 young (8192K), 1 survivors (1024K)
 Metaspace       used 3888K, committed 4032K, reserved 1114112K
  class space    used 425K, committed 512K, reserved 1048576K
}
Event: 1.595 GC heap after
{Heap after GC invocations=2 (full 0):
 garbage-first heap   total reserved 1957888K, committed 122880K, used 6048K [0x0000000088800000, 0x0000000100000000)
  region size 1024K, 1 young (1024K), 1 survivors (1024K)
 Metaspace       used 3888K, committed 4032K, reserved 1114112K
  class space    used 425K, committed 512K, reserved 1048576K
}
Event: 2.695 GC heap before
{Heap before GC invocations=2 (full 0):
 garbage-first heap   total reserved 1957888K, committed 122880K, used 16288K [0x0000000088800000, 0x0000000100000000)
  region size 1024K, 11 young (11264K), 1 survivors (1024K)
 Metaspace       used 7972K, committed 8320K, reserved 1114112K
  class space    used 930K, committed 1088K, reserved 1048576K
}
Event: 2.705 GC heap after
{Heap after GC invocations=3 (full 0):
 garbage-first heap   total reserved 1957888K, committed 122880K, used 7072K [0x0000000088800000, 0x0000000100000000)
  region size 1024K, 2 young (2048K), 2 survivors (2048K)
 Metaspace       used 7972K, committed 8320K, reserved 1114112K
  class space    used 930K, committed 1088K, reserved 1048576K
}
Event: 4.416 GC heap before
{Heap before GC invocations=3 (full 0):
 garbage-first heap   total reserved 1957888K, committed 122880K, used 22432K [0x0000000088800000, 0x0000000100000000)
  region size 1024K, 18 young (18432K), 2 survivors (2048K)
 Metaspace       used 10178K, committed 10560K, reserved 1114112K
  class space    used 1202K, committed 1408K, reserved 1048576K
}
Event: 4.429 GC heap after
{Heap after GC invocations=4 (full 0):
 garbage-first heap   total reserved 1957888K, committed 122880K, used 9056K [0x0000000088800000, 0x0000000100000000)
  region size 1024K, 3 young (3072K), 3 survivors (3072K)
 Metaspace       used 10178K, committed 10560K, reserved 1114112K
  class space    used 1202K, committed 1408K, reserved 1048576K
}
Event: 5.980 GC heap before
{Heap before GC invocations=4 (full 0):
 garbage-first heap   total reserved 1957888K, committed 122880K, used 28512K [0x0000000088800000, 0x0000000100000000)
  region size 1024K, 23 young (23552K), 3 survivors (3072K)
 Metaspace       used 14544K, committed 14976K, reserved 1114112K
  class space    used 1855K, committed 2048K, reserved 1048576K
}
Event: 5.997 GC heap after
{Heap after GC invocations=5 (full 0):
 garbage-first heap   total reserved 1957888K, committed 122880K, used 11556K [0x0000000088800000, 0x0000000100000000)
  region size 1024K, 3 young (3072K), 3 survivors (3072K)
 Metaspace       used 14544K, committed 14976K, reserved 1114112K
  class space    used 1855K, committed 2048K, reserved 1048576K
}
Event: 13.008 GC heap before
{Heap before GC invocations=5 (full 0):
 garbage-first heap   total reserved 1957888K, committed 122880K, used 42276K [0x0000000088800000, 0x0000000100000000)
  region size 1024K, 31 young (31744K), 3 survivors (3072K)
 Metaspace       used 19860K, committed 20288K, reserved 1114112K
  class space    used 2794K, committed 2944K, reserved 1048576K
}
Event: 13.024 GC heap after
{Heap after GC invocations=6 (full 0):
 garbage-first heap   total reserved 1957888K, committed 122880K, used 16681K [0x0000000088800000, 0x0000000100000000)
  region size 1024K, 2 young (2048K), 2 survivors (2048K)
 Metaspace       used 19860K, committed 20288K, reserved 1114112K
  class space    used 2794K, committed 2944K, reserved 1048576K
}
Event: 13.375 GC heap before
{Heap before GC invocations=6 (full 0):
 garbage-first heap   total reserved 1957888K, committed 122880K, used 22825K [0x0000000088800000, 0x0000000100000000)
  region size 1024K, 10 young (10240K), 2 survivors (2048K)
 Metaspace       used 21127K, committed 21504K, reserved 1114112K
  class space    used 3126K, committed 3264K, reserved 1048576K
}
Event: 13.383 GC heap after
{Heap after GC invocations=7 (full 0):
 garbage-first heap   total reserved 1957888K, committed 122880K, used 17321K [0x0000000088800000, 0x0000000100000000)
  region size 1024K, 3 young (3072K), 3 survivors (3072K)
 Metaspace       used 21127K, committed 21504K, reserved 1114112K
  class space    used 3126K, committed 3264K, reserved 1048576K
}

